<?xml version="1.0" encoding="UTF-8"?>
<!-- Generated by org.testng.reporters.JUnitReportReporter -->
<testsuite hostname="LAPTOP-6UMN53Q2" failures="0" tests="3" name="rahulshettyacademy.Tests.SubmitOrderTest" time="65.839" errors="0" timestamp="2024-09-09T14:03:06 IST" skipped="0">
  <testcase classname="rahulshettyacademy.Tests.SubmitOrderTest" name="OrderHistoryTest" time="13.864"/>
  <testcase classname="rahulshettyacademy.Tests.SubmitOrderTest" name="submitOrderTest" time="22.092"/>
  <testcase classname="rahulshettyacademy.Tests.SubmitOrderTest" name="submitOrderTest" time="29.883"/>
</testsuite> <!-- rahulshettyacademy.Tests.SubmitOrderTest -->
